<?xml version="1.0" encoding="UTF-8" ?>
<testsuite tests="17" failures="4" name="TestSuite" time="162.208" errors="0" skipped="13">
  <properties>
[...]
</properties>
  <testcase classname="com.q2o.suiteCCW.BehaviourDeal" name="behaviourDeal" time="0.275">
    <skipped/>
    <system-out>Start Executing  : behaviourDeal
</system-out>
    <system-err>log4j:ERROR setFile(null,false) call failed.
java.io.FileNotFoundException: C:\Users\dshahi\Desktop\mvn\DataDrivenFrameWork\Logs\Application.log (The system cannot find the path specified)
	at java.io.FileOutputStream.open(Native Method)
	at java.io.FileOutputStream.&lt;init&gt;(Unknown Source)
	at java.io.FileOutputStream.&lt;init&gt;(Unknown Source)
	at org.apache.log4j.FileAppender.setFile(FileAppender.java:294)
	at org.apache.log4j.RollingFileAppender.setFile(RollingFileAppender.java:207)
	at org.apache.log4j.FileAppender.activateOptions(FileAppender.java:165)
	at org.apache.log4j.config.PropertySetter.activate(PropertySetter.java:307)
	at org.apache.log4j.config.PropertySetter.setProperties(PropertySetter.java:172)
	at org.apache.log4j.config.PropertySetter.setProperties(PropertySetter.java:104)
	at org.apache.log4j.PropertyConfigurator.parseAppender(PropertyConfigurator.java:842)
	at org.apache.log4j.PropertyConfigurator.parseCategory(PropertyConfigurator.java:768)
	at org.apache.log4j.PropertyConfigurator.parseCatsAndRenderers(PropertyConfigurator.java:672)
	at org.apache.log4j.PropertyConfigurator.doConfigure(PropertyConfigurator.java:516)
	at org.apache.log4j.PropertyConfigurator.doConfigure(PropertyConfigurator.java:580)
	at org.apache.log4j.helpers.OptionConverter.selectAndConfigure(OptionConverter.java:526)
	at org.apache.log4j.LogManager.&lt;clinit&gt;(LogManager.java:127)
	at org.apache.log4j.Logger.getLogger(Logger.java:104)
	at com.q2o.base.TestBase.&lt;clinit&gt;(TestBase.java:42)
	at sun.reflect.NativeConstructorAccessorImpl.newInstance0(Native Method)
	at sun.reflect.NativeConstructorAccessorImpl.newInstance(Unknown Source)
	at sun.reflect.DelegatingConstructorAccessorImpl.newInstance(Unknown Source)
	at java.lang.reflect.Constructor.newInstance(Unknown Source)
	at org.testng.internal.ObjectFactoryImpl.newInstance(ObjectFactoryImpl.java:28)
	at org.testng.internal.ClassHelper.createInstance1(ClassHelper.java:372)
	at org.testng.internal.ClassHelper.createInstance(ClassHelper.java:284)
	at org.testng.internal.ClassImpl.getDefaultInstance(ClassImpl.java:109)
	at org.testng.internal.ClassImpl.getInstances(ClassImpl.java:181)
	at org.testng.internal.TestNGClassFinder.&lt;init&gt;(TestNGClassFinder.java:120)
	at org.testng.TestRunner.initMethods(TestRunner.java:402)
	at org.testng.TestRunner.init(TestRunner.java:228)
	at org.testng.TestRunner.init(TestRunner.java:198)
	at org.testng.TestRunner.&lt;init&gt;(TestRunner.java:147)
	at org.testng.SuiteRunner$DefaultTestRunnerFactory.newTestRunner(SuiteRunner.java:525)
	at org.testng.SuiteRunner.init(SuiteRunner.java:156)
	at org.testng.SuiteRunner.&lt;init&gt;(SuiteRunner.java:110)
	at org.testng.TestNG.createSuiteRunner(TestNG.java:1235)
	at org.testng.TestNG.createSuiteRunners(TestNG.java:1222)
	at org.testng.TestNG.createSuiteRunners(TestNG.java:1225)
	at org.testng.TestNG.runSuitesLocally(TestNG.java:1074)
	at org.testng.TestNG.run(TestNG.java:999)
	at org.apache.maven.surefire.testng.TestNGExecutor.run(TestNGExecutor.java:178)
	at org.apache.maven.surefire.testng.TestNGXmlTestSuite.execute(TestNGXmlTestSuite.java:92)
	at org.apache.maven.surefire.testng.TestNGProvider.invoke(TestNGProvider.java:96)
	at sun.reflect.NativeMethodAccessorImpl.invoke0(Native Method)
	at sun.reflect.NativeMethodAccessorImpl.invoke(Unknown Source)
	at sun.reflect.DelegatingMethodAccessorImpl.invoke(Unknown Source)
	at java.lang.reflect.Method.invoke(Unknown Source)
	at org.apache.maven.surefire.util.ReflectionUtils.invokeMethodWithArray(ReflectionUtils.java:189)
	at org.apache.maven.surefire.booter.ProviderFactory$ProviderProxy.invoke(ProviderFactory.java:165)
	at org.apache.maven.surefire.booter.ProviderFactory.invokeProvider(ProviderFactory.java:85)
	at org.apache.maven.surefire.booter.ForkedBooter.runSuitesInProcess(ForkedBooter.java:115)
	at org.apache.maven.surefire.booter.ForkedBooter.main(ForkedBooter.java:75)
</system-err>
  </testcase>
  <testcase classname="com.q2o.suiteCCW.BehaviourDeal" name="behaviourDeal" time="0.118">
    <skipped/>
    <system-out>Skipped TC : behaviourDeal
Start Executing  : behaviourDeal
</system-out>
  </testcase>
  <testcase classname="com.q2o.suiteCCW.GlobalDeal" name="globalDeal" time="0.145">
    <skipped/>
    <system-out>Skipped TC : behaviourDeal
Start Executing  : globalDeal
</system-out>
  </testcase>
  <testcase classname="com.q2o.suiteCCW.GlobalDeal" name="globalDeal" time="0.156">
    <skipped/>
    <system-out>Skipped TC : globalDeal
Start Executing  : globalDeal
</system-out>
  </testcase>
  <testcase classname="com.q2o.suiteCCW.GlobalDeal" name="globalDeal" time="0.221">
    <skipped/>
    <system-out>Skipped TC : globalDeal
Start Executing  : globalDeal
</system-out>
  </testcase>
  <testcase classname="com.q2o.suiteCCW.LocalDeal" name="localDeal" time="0.089">
    <skipped/>
    <system-out>Skipped TC : globalDeal
Start Executing  : localDeal
</system-out>
  </testcase>
  <testcase classname="com.q2o.suiteCCW.LocalDeal" name="localDeal" time="0.129">
    <skipped/>
    <system-out>Skipped TC : localDeal
Start Executing  : localDeal
</system-out>
  </testcase>
  <testcase classname="com.q2o.suiteCCW.Non_BehaviourDeal" name="non_behaviourDeal" time="84.048">
    <failure message="expected:&lt;Cisco.com Login Page&gt; but was:&lt;Problem loading page&gt;" type="java.lang.AssertionError">java.lang.AssertionError: expected:&lt;Cisco.com Login Page&gt; but was:&lt;Problem loading page&gt;
	at org.testng.Assert.fail(Assert.java:89)
	at org.testng.Assert.failNotEquals(Assert.java:489)
	at org.testng.Assert.assertEquals(Assert.java:118)
	at org.testng.Assert.assertEquals(Assert.java:171)
	at org.testng.Assert.assertEquals(Assert.java:181)
	at com.q2o.base.TestBase.navigateCCW(TestBase.java:125)
	at com.q2o.base.TestBase.ccwLogin(TestBase.java:379)
	at com.q2o.suiteCCW.Non_BehaviourDeal.non_behaviourDeal(Non_BehaviourDeal.java:21)
</failure>
    <system-out>Skipped TC : localDeal
Start Executing  : non_behaviourDeal
</system-out>
    <system-err>log4j:WARN No appenders could be found for logger (org.apache.http.client.protocol.RequestAddCookies).
log4j:WARN Please initialize the log4j system properly.
log4j:WARN See http://logging.apache.org/log4j/1.2/faq.html#noconfig for more info.
</system-err>
  </testcase>
  <testcase classname="com.q2o.suiteCCW.Non_BehaviourDeal" name="non_behaviourDeal" time="0.137">
    <skipped/>
    <system-out>Failed TC : non_behaviourDeal
Start Executing  : non_behaviourDeal
</system-out>
  </testcase>
  <testcase classname="com.q2o.suiteSFDC.RNSDQuote" name="rnsdQuote" time="0.112">
    <skipped/>
    <system-out>Skipped TC : non_behaviourDeal
Start Executing  : rnsdQuote
</system-out>
  </testcase>
  <testcase classname="com.q2o.suiteSFDC.RNSDQuote" name="rnsdQuote" time="0.278">
    <skipped/>
    <system-out>Skipped TC : rnsdQuote
Start Executing  : rnsdQuote
</system-out>
  </testcase>
  <testcase classname="com.q2o.suiteSFDC.TransactionalQuote" name="transactionalQuote" time="28.528">
    <failure message="Failure - No such Element presentopportunityTab_xpath" type="java.lang.AssertionError">java.lang.AssertionError: Failure - No such Element presentopportunityTab_xpath
	at org.testng.Assert.fail(Assert.java:89)
	at com.q2o.base.TestBase.element(TestBase.java:175)
	at com.q2o.base.TestBase.click(TestBase.java:190)
	at com.q2o.base.TestBase.clickAndWaitForElement(TestBase.java:250)
	at com.q2o.base.TestBase.createSFDCOpty(TestBase.java:538)
	at com.q2o.suiteSFDC.TransactionalQuote.transactionalQuote(TransactionalQuote.java:27)
</failure>
    <system-out>Skipped TC : rnsdQuote
Start Executing  : transactionalQuote
</system-out>
  </testcase>
  <testcase classname="com.q2o.suiteSFDC.TransactionalQuote" name="transactionalQuote" time="0.146">
    <skipped/>
    <system-out>Failed TC : transactionalQuote
Start Executing  : transactionalQuote
</system-out>
  </testcase>
  <testcase classname="com.q2o.suiteSFDC.ASTQuoteImport" name="astQuoteImport" time="24.306">
    <failure message="Failure - No such Element presentopportunityTab_xpath" type="java.lang.AssertionError">java.lang.AssertionError: Failure - No such Element presentopportunityTab_xpath
	at org.testng.Assert.fail(Assert.java:89)
	at com.q2o.base.TestBase.element(TestBase.java:175)
	at com.q2o.base.TestBase.click(TestBase.java:190)
	at com.q2o.base.TestBase.clickAndWaitForElement(TestBase.java:250)
	at com.q2o.base.TestBase.createSFDCOpty(TestBase.java:538)
	at com.q2o.suiteSFDC.ASTQuoteImport.astQuoteImport(ASTQuoteImport.java:20)
</failure>
    <system-out>Skipped TC : transactionalQuote
Start Executing  : astQuoteImport
</system-out>
  </testcase>
  <testcase classname="com.q2o.suiteSFDC.ASTQuoteImport" name="astQuoteImport" time="0.087">
    <skipped/>
    <system-out>Failed TC : astQuoteImport
Start Executing  : astQuoteImport
</system-out>
  </testcase>
  <testcase classname="com.q2o.suiteSFDC.ASSQuoteImport" name="assQuoteImport" time="23.373">
    <failure message="Failure - No such Element presentopportunityTab_xpath" type="java.lang.AssertionError">java.lang.AssertionError: Failure - No such Element presentopportunityTab_xpath
	at org.testng.Assert.fail(Assert.java:89)
	at com.q2o.base.TestBase.element(TestBase.java:175)
	at com.q2o.base.TestBase.click(TestBase.java:190)
	at com.q2o.base.TestBase.clickAndWaitForElement(TestBase.java:250)
	at com.q2o.base.TestBase.createSFDCOpty(TestBase.java:538)
	at com.q2o.suiteSFDC.ASSQuoteImport.assQuoteImport(ASSQuoteImport.java:21)
</failure>
    <system-out>Skipped TC : astQuoteImport
Start Executing  : assQuoteImport
</system-out>
  </testcase>
  <testcase classname="com.q2o.suiteSFDC.ASSQuoteImport" name="assQuoteImport" time="0.06">
    <skipped/>
    <system-out>Failed TC : assQuoteImport
Start Executing  : assQuoteImport
</system-out>
  </testcase>
</testsuite>