<?xml version="1.0" encoding="UTF-8"?>
<!-- Generated by org.testng.reporters.JUnitXMLReporter -->
<testsuite hostname="DSHAHI-WS02" name="Behaviour Deal" tests="2" failures="0" timestamp="9 Apr 2015 22:02:18 GMT" time="60.394" errors="0">
  <testcase name="behaviourDeal" time="59.673" classname="com.q2o.suiteCCW.BehaviourDeal"/>
  <testcase name="behaviourDeal" time="0.051" classname="com.q2o.suiteCCW.BehaviourDeal">
    <skipped/>
  </testcase> <!-- behaviourDeal -->
</testsuite> <!-- Behaviour Deal -->
