<?xml version="1.0" encoding="UTF-8"?>
<!-- Generated by org.testng.reporters.JUnitXMLReporter -->
<testsuite hostname="DSHAHI-WS02" name="Global Deal" tests="3" failures="0" timestamp="9 Apr 2015 22:02:19 GMT" time="0.19" errors="0">
  <testcase name="globalDeal" time="0.05" classname="com.q2o.suiteCCW.GlobalDeal">
    <skipped/>
  </testcase> <!-- globalDeal -->
  <testcase name="globalDeal" time="0.06" classname="com.q2o.suiteCCW.GlobalDeal">
    <skipped/>
  </testcase> <!-- globalDeal -->
  <testcase name="globalDeal" time="0.04" classname="com.q2o.suiteCCW.GlobalDeal">
    <skipped/>
  </testcase> <!-- globalDeal -->
</testsuite> <!-- Global Deal -->
