<?xml version="1.0" encoding="UTF-8"?>
<!-- Generated by org.testng.reporters.JUnitXMLReporter -->
<testsuite hostname="DSHAHI-WS02" name="Local Deal" tests="2" failures="0" timestamp="9 Apr 2015 22:02:19 GMT" time="0.13" errors="0">
  <testcase name="localDeal" time="0.05" classname="com.q2o.suiteCCW.LocalDeal">
    <skipped/>
  </testcase> <!-- localDeal -->
  <testcase name="localDeal" time="0.04" classname="com.q2o.suiteCCW.LocalDeal">
    <skipped/>
  </testcase> <!-- localDeal -->
</testsuite> <!-- Local Deal -->
