<?xml version="1.0" encoding="UTF-8"?>
<!-- Generated by org.testng.reporters.JUnitXMLReporter -->
<testsuite hostname="DSHAHI-WS02" name="Non-Behaviour Deal" tests="2" failures="0" timestamp="9 Apr 2015 22:02:19 GMT" time="0.12" errors="0">
  <testcase name="non_behaviourDeal" time="0.05" classname="com.q2o.suiteCCW.Non_BehaviourDeal">
    <skipped/>
  </testcase> <!-- non_behaviourDeal -->
  <testcase name="non_behaviourDeal" time="0.05" classname="com.q2o.suiteCCW.Non_BehaviourDeal">
    <skipped/>
  </testcase> <!-- non_behaviourDeal -->
</testsuite> <!-- Non-Behaviour Deal -->
