<?xml version="1.0" encoding="UTF-8"?>
<!-- Generated by org.testng.reporters.JUnitXMLReporter -->
<testsuite hostname="DSHAHI-WS02" name="ASS Quote Import" tests="2" failures="1" timestamp="9 Apr 2015 22:05:13 GMT" time="11.036" errors="0">
  <testcase name="assQuoteImport" time="10.86" classname="com.q2o.suiteSFDC.ASSQuoteImport">
    <failure type="java.lang.AssertionError" message="Opty Creation failed">
      <![CDATA[java.lang.AssertionError: Opty Creation failed
	at com.q2o.base.TestBase.createSFDCOpty(TestBase.java:494)
	at com.q2o.suiteSFDC.ASSQuoteImport.assQuoteImport(ASSQuoteImport.java:21)
... Removed 26 stack frames]]>
    </failure>
  </testcase> <!-- assQuoteImport -->
  <testcase name="assQuoteImport" time="0.101" classname="com.q2o.suiteSFDC.ASSQuoteImport">
    <skipped/>
  </testcase> <!-- assQuoteImport -->
</testsuite> <!-- ASS Quote Import -->
