<?xml version="1.0" encoding="UTF-8"?>
<!-- Generated by org.testng.reporters.JUnitXMLReporter -->
<testsuite hostname="DSHAHI-WS02" name="AST Quote Import" tests="2" failures="0" timestamp="9 Apr 2015 22:05:02 GMT" time="152.097" errors="0">
  <testcase name="astQuoteImport" time="151.843" classname="com.q2o.suiteSFDC.ASTQuoteImport"/>
  <testcase name="astQuoteImport" time="0.171" classname="com.q2o.suiteSFDC.ASTQuoteImport">
    <skipped/>
  </testcase> <!-- astQuoteImport -->
</testsuite> <!-- AST Quote Import -->
