<?xml version="1.0" encoding="UTF-8"?>
<!-- Generated by org.testng.reporters.JUnitXMLReporter -->
<testsuite hostname="DSHAHI-WS02" name="RNSD  Deal" tests="2" failures="0" timestamp="9 Apr 2015 22:02:19 GMT" time="0.2" errors="0">
  <testcase name="rnsdQuote" time="0.07" classname="com.q2o.suiteSFDC.RNSDQuote">
    <skipped/>
  </testcase> <!-- rnsdQuote -->
  <testcase name="rnsdQuote" time="0.08" classname="com.q2o.suiteSFDC.RNSDQuote">
    <skipped/>
  </testcase> <!-- rnsdQuote -->
</testsuite> <!-- RNSD  Deal -->
